2025-01-28 15:25:21 INFO  [AccountService] - Starting AccountServiceApplicationTests using Java 17.0.5 on admin with PID 15968 (started by danie in C:\Users\danie\OneDrive\Documentos\GitHub\test-microservice-developer\account-service)
2025-01-28 15:25:21 INFO  [AccountService] - No active profile set, falling back to 1 default profile: "default"
2025-01-28 15:25:21 INFO  [AccountService] - HV000001: Hibernate Validator 6.2.5.Final
2025-01-28 15:25:22 INFO  [AccountService] - Bootstrapping Spring Data JPA repositories in DEFAULT mode.
2025-01-28 15:25:22 INFO  [AccountService] - Finished Spring Data repository scanning in 59 ms. Found 1 JPA repository interfaces.
2025-01-28 15:25:22 INFO  [AccountService] - BeanFactory id=5dac6832-6372-3d57-a775-f247a7bf167c
2025-01-28 15:25:23 INFO  [AccountService] - HHH000204: Processing PersistenceUnitInfo [name: default]
2025-01-28 15:25:23 INFO  [AccountService] - HHH000412: Hibernate ORM core version 5.6.15.Final
2025-01-28 15:25:23 INFO  [AccountService] - HCANN000001: Hibernate Commons Annotations {5.1.2.Final}
2025-01-28 15:25:24 INFO  [AccountService] - HikariPool-1 - Starting...
2025-01-28 15:25:25 INFO  [AccountService] - HikariPool-1 - Start completed.
2025-01-28 15:25:25 INFO  [AccountService] - HHH000400: Using dialect: org.hibernate.dialect.SQLServer2012Dialect
2025-01-28 15:25:26 INFO  [AccountService] - HHH000490: Using JtaPlatform implementation: [org.hibernate.engine.transaction.jta.platform.internal.NoJtaPlatform]
2025-01-28 15:25:26 INFO  [AccountService] - Initialized JPA EntityManagerFactory for persistence unit 'default'
2025-01-28 15:25:27 WARN  [AccountService] - spring.jpa.open-in-view is enabled by default. Therefore, database queries may be performed during view rendering. Explicitly configure spring.jpa.open-in-view to disable this warning
2025-01-28 15:25:28 INFO  [AccountService] - Will secure any request with [org.springframework.security.web.session.DisableEncodeUrlFilter@2eb03908, org.springframework.security.web.context.request.async.WebAsyncManagerIntegrationFilter@5ead245, org.springframework.security.web.context.SecurityContextPersistenceFilter@17a5ae7b, org.springframework.security.web.header.HeaderWriterFilter@477e5b69, org.springframework.security.web.authentication.logout.LogoutFilter@47c422d3, com.account_service.config.JwtAuthenticationFilter@1e49a77e, org.springframework.security.web.savedrequest.RequestCacheAwareFilter@2b9bbaa8, org.springframework.security.web.servletapi.SecurityContextHolderAwareRequestFilter@128ca7af, org.springframework.security.web.authentication.AnonymousAuthenticationFilter@57466fb7, org.springframework.security.web.session.SessionManagementFilter@ecb8b3e, org.springframework.security.web.access.ExceptionTranslationFilter@52fed5b7, org.springframework.security.web.access.intercept.FilterSecurityInterceptor@2dbf8cfc]
2025-01-28 15:25:30 INFO  [AccountService] - Started AccountServiceApplicationTests in 9.779 seconds (JVM running for 10.65)
2025-01-28 15:25:31 INFO  [AccountService] - Closing JPA EntityManagerFactory for persistence unit 'default'
2025-01-28 15:25:31 INFO  [AccountService] - HikariPool-1 - Shutdown initiated...
2025-01-28 15:25:31 INFO  [AccountService] - HikariPool-1 - Shutdown completed.
2025-01-28 15:26:47 INFO  [AccountService] - HV000001: Hibernate Validator 6.2.5.Final
2025-01-28 15:26:47 INFO  [AccountService] - Starting AccountServiceApplication using Java 17.0.5 on admin with PID 22284 (C:\Users\danie\OneDrive\Documentos\GitHub\test-microservice-developer\account-service\target\classes started by danie in C:\Users\danie\OneDrive\Documentos\GitHub\test-microservice-developer\account-service)
2025-01-28 15:26:47 INFO  [AccountService] - No active profile set, falling back to 1 default profile: "default"
2025-01-28 15:26:48 INFO  [AccountService] - Bootstrapping Spring Data JPA repositories in DEFAULT mode.
2025-01-28 15:26:48 INFO  [AccountService] - Finished Spring Data repository scanning in 67 ms. Found 1 JPA repository interfaces.
2025-01-28 15:26:49 INFO  [AccountService] - BeanFactory id=061e63be-65d1-322e-bfc2-89005e9917c0
2025-01-28 15:26:49 INFO  [AccountService] - Tomcat initialized with port(s): 9090 (http)
2025-01-28 15:26:49 INFO  [AccountService] - Initializing ProtocolHandler ["http-nio-9090"]
2025-01-28 15:26:49 INFO  [AccountService] - Starting service [Tomcat]
2025-01-28 15:26:49 INFO  [AccountService] - Starting Servlet engine: [Apache Tomcat/9.0.83]
2025-01-28 15:26:49 INFO  [AccountService] - Initializing Spring embedded WebApplicationContext
2025-01-28 15:26:49 INFO  [AccountService] - Root WebApplicationContext: initialization completed in 1900 ms
2025-01-28 15:26:50 INFO  [AccountService] - HHH000204: Processing PersistenceUnitInfo [name: default]
2025-01-28 15:26:50 INFO  [AccountService] - HHH000412: Hibernate ORM core version 5.6.15.Final
2025-01-28 15:26:50 INFO  [AccountService] - HCANN000001: Hibernate Commons Annotations {5.1.2.Final}
2025-01-28 15:26:50 INFO  [AccountService] - HikariPool-1 - Starting...
2025-01-28 15:26:51 INFO  [AccountService] - HikariPool-1 - Start completed.
2025-01-28 15:26:51 INFO  [AccountService] - HHH000400: Using dialect: org.hibernate.dialect.SQLServer2012Dialect
2025-01-28 15:26:53 INFO  [AccountService] - HHH000490: Using JtaPlatform implementation: [org.hibernate.engine.transaction.jta.platform.internal.NoJtaPlatform]
2025-01-28 15:26:53 INFO  [AccountService] - Initialized JPA EntityManagerFactory for persistence unit 'default'
2025-01-28 15:26:53 WARN  [AccountService] - spring.jpa.open-in-view is enabled by default. Therefore, database queries may be performed during view rendering. Explicitly configure spring.jpa.open-in-view to disable this warning
2025-01-28 15:26:54 INFO  [AccountService] - Will secure any request with [org.springframework.security.web.session.DisableEncodeUrlFilter@24482a4f, org.springframework.security.web.context.request.async.WebAsyncManagerIntegrationFilter@3140ad41, org.springframework.security.web.context.SecurityContextPersistenceFilter@20a18cc9, org.springframework.security.web.header.HeaderWriterFilter@5c194652, org.springframework.security.web.authentication.logout.LogoutFilter@632d1b1b, com.account_service.config.JwtAuthenticationFilter@3f2d2f22, org.springframework.security.web.savedrequest.RequestCacheAwareFilter@1fcf73b9, org.springframework.security.web.servletapi.SecurityContextHolderAwareRequestFilter@6b6f73d, org.springframework.security.web.authentication.AnonymousAuthenticationFilter@61c3d7ac, org.springframework.security.web.session.SessionManagementFilter@4c8afba, org.springframework.security.web.access.ExceptionTranslationFilter@7f20dfd5, org.springframework.security.web.access.intercept.FilterSecurityInterceptor@5655278d]
2025-01-28 15:26:55 INFO  [AccountService] - Starting ProtocolHandler ["http-nio-9090"]
2025-01-28 15:26:55 INFO  [AccountService] - Tomcat started on port(s): 9090 (http) with context path ''
2025-01-28 15:26:55 INFO  [AccountService] - Started AccountServiceApplication in 8.626 seconds (JVM running for 9.079)
2025-01-28 15:27:05 INFO  [AccountService] - Initializing Spring DispatcherServlet 'dispatcherServlet'
2025-01-28 15:27:05 INFO  [AccountService] - Initializing Servlet 'dispatcherServlet'
2025-01-28 15:27:05 INFO  [AccountService] - Completed initialization in 1 ms
2025-01-28 15:27:06 WARN  [AccountService] - Creation of SecureRandom instance for session ID generation using [SHA1PRNG] took [105] milliseconds.
2025-01-28 15:27:06 INFO  [AccountService] - Consultando cuentas del cliente con id: 1
2025-01-28 15:27:07 INFO  [AccountService] - Retornando cuentas
2025-01-28 15:27:10 INFO  [AccountService] - Consultando cuentas del cliente con id: 1
2025-01-28 15:27:10 INFO  [AccountService] - Retornando cuentas
2025-01-28 15:27:13 INFO  [AccountService] - Consultando cuentas del cliente con id: 1
2025-01-28 15:27:13 INFO  [AccountService] - Retornando cuentas
2025-01-28 15:27:50 INFO  [AccountService] - Consultando cuentas del cliente con id: 1
2025-01-28 15:27:51 INFO  [AccountService] - Retornando cuentas
2025-01-28 15:48:28 INFO  [AccountService] - Closing JPA EntityManagerFactory for persistence unit 'default'
2025-01-28 15:48:28 INFO  [AccountService] - HikariPool-1 - Shutdown initiated...
2025-01-28 15:48:28 INFO  [AccountService] - HikariPool-1 - Shutdown completed.
2025-01-28 15:48:32 INFO  [AccountService] - HV000001: Hibernate Validator 6.2.5.Final
2025-01-28 15:48:32 INFO  [AccountService] - Starting AccountServiceApplication using Java 17.0.5 on admin with PID 24772 (C:\Users\danie\OneDrive\Documentos\GitHub\test-microservice-developer\account-service\target\classes started by danie in C:\Users\danie\OneDrive\Documentos\GitHub\test-microservice-developer\account-service)
2025-01-28 15:48:32 INFO  [AccountService] - No active profile set, falling back to 1 default profile: "default"
2025-01-28 15:48:33 INFO  [AccountService] - Bootstrapping Spring Data JPA repositories in DEFAULT mode.
2025-01-28 15:48:33 INFO  [AccountService] - Finished Spring Data repository scanning in 50 ms. Found 1 JPA repository interfaces.
2025-01-28 15:48:33 INFO  [AccountService] - BeanFactory id=382a032a-8049-3c03-bcf0-e057cbbe4304
2025-01-28 15:48:33 INFO  [AccountService] - Tomcat initialized with port(s): 9090 (http)
2025-01-28 15:48:33 INFO  [AccountService] - Initializing ProtocolHandler ["http-nio-9090"]
2025-01-28 15:48:33 INFO  [AccountService] - Starting service [Tomcat]
2025-01-28 15:48:33 INFO  [AccountService] - Starting Servlet engine: [Apache Tomcat/9.0.83]
2025-01-28 15:48:34 INFO  [AccountService] - Initializing Spring embedded WebApplicationContext
2025-01-28 15:48:34 INFO  [AccountService] - Root WebApplicationContext: initialization completed in 1777 ms
2025-01-28 15:48:34 INFO  [AccountService] - HHH000204: Processing PersistenceUnitInfo [name: default]
2025-01-28 15:48:34 INFO  [AccountService] - HHH000412: Hibernate ORM core version 5.6.15.Final
2025-01-28 15:48:34 INFO  [AccountService] - HCANN000001: Hibernate Commons Annotations {5.1.2.Final}
2025-01-28 15:48:34 INFO  [AccountService] - HikariPool-1 - Starting...
2025-01-28 15:48:35 INFO  [AccountService] - HikariPool-1 - Start completed.
2025-01-28 15:48:35 INFO  [AccountService] - HHH000400: Using dialect: org.hibernate.dialect.SQLServer2012Dialect
2025-01-28 15:48:37 INFO  [AccountService] - HHH000490: Using JtaPlatform implementation: [org.hibernate.engine.transaction.jta.platform.internal.NoJtaPlatform]
2025-01-28 15:48:37 INFO  [AccountService] - Initialized JPA EntityManagerFactory for persistence unit 'default'
2025-01-28 15:48:37 WARN  [AccountService] - spring.jpa.open-in-view is enabled by default. Therefore, database queries may be performed during view rendering. Explicitly configure spring.jpa.open-in-view to disable this warning
2025-01-28 15:48:38 WARN  [AccountService] - 

Using generated security password: a4894f2a-68df-4e57-8ea2-bf6c0877bcf8

This generated password is for development use only. Your security configuration must be updated before running your application in production.

2025-01-28 15:48:38 INFO  [AccountService] - Will secure any request with [org.springframework.security.web.session.DisableEncodeUrlFilter@6870a76f, org.springframework.security.web.context.request.async.WebAsyncManagerIntegrationFilter@42257df7, org.springframework.security.web.context.SecurityContextPersistenceFilter@166d576b, org.springframework.security.web.header.HeaderWriterFilter@5c65fa69, org.springframework.security.web.authentication.logout.LogoutFilter@7e366c6f, com.account_service.config.JwtAuthenticationFilter@7b11ff9a, org.springframework.security.web.savedrequest.RequestCacheAwareFilter@5b407336, org.springframework.security.web.servletapi.SecurityContextHolderAwareRequestFilter@394e504d, org.springframework.security.web.authentication.AnonymousAuthenticationFilter@3bd79444, org.springframework.security.web.session.SessionManagementFilter@64d42d3d, org.springframework.security.web.access.ExceptionTranslationFilter@3b80bb63, org.springframework.security.web.access.intercept.FilterSecurityInterceptor@2087c939]
2025-01-28 15:48:39 INFO  [AccountService] - Starting ProtocolHandler ["http-nio-9090"]
2025-01-28 15:48:40 INFO  [AccountService] - Tomcat started on port(s): 9090 (http) with context path ''
2025-01-28 15:48:40 INFO  [AccountService] - Started AccountServiceApplication in 8.454 seconds (JVM running for 8.898)
2025-01-28 15:48:54 INFO  [AccountService] - Initializing Spring DispatcherServlet 'dispatcherServlet'
2025-01-28 15:48:54 INFO  [AccountService] - Initializing Servlet 'dispatcherServlet'
2025-01-28 15:48:54 INFO  [AccountService] - Completed initialization in 2 ms
2025-01-28 15:48:55 INFO  [AccountService] - Realizando tranferencia de cuenta..
2025-01-28 15:48:56 INFO  [AccountService] - La tranferencia se realizo correctamente
2025-01-28 15:51:17 INFO  [AccountService] - Realizando tranferencia de cuenta..
2025-01-28 15:51:17 INFO  [AccountService] - La tranferencia se realizo correctamente
2025-01-28 15:52:39 INFO  [AccountService] - Retirando de cuenta..
2025-01-28 15:52:40 INFO  [AccountService] - El retiro se realizo correctamente
2025-01-28 15:56:36 INFO  [AccountService] - Closing JPA EntityManagerFactory for persistence unit 'default'
2025-01-28 15:56:36 INFO  [AccountService] - HikariPool-1 - Shutdown initiated...
2025-01-28 15:56:36 INFO  [AccountService] - HikariPool-1 - Shutdown completed.
2025-01-28 15:56:39 INFO  [AccountService] - HV000001: Hibernate Validator 6.2.5.Final
2025-01-28 15:56:39 INFO  [AccountService] - Starting AccountServiceApplication using Java 17.0.5 on admin with PID 4372 (C:\Users\danie\OneDrive\Documentos\GitHub\test-microservice-developer\account-service\target\classes started by danie in C:\Users\danie\OneDrive\Documentos\GitHub\test-microservice-developer\account-service)
2025-01-28 15:56:39 INFO  [AccountService] - No active profile set, falling back to 1 default profile: "default"
2025-01-28 15:56:40 INFO  [AccountService] - Bootstrapping Spring Data JPA repositories in DEFAULT mode.
2025-01-28 15:56:40 INFO  [AccountService] - Finished Spring Data repository scanning in 49 ms. Found 1 JPA repository interfaces.
2025-01-28 15:56:40 INFO  [AccountService] - BeanFactory id=382a032a-8049-3c03-bcf0-e057cbbe4304
2025-01-28 15:56:41 INFO  [AccountService] - Tomcat initialized with port(s): 9090 (http)
2025-01-28 15:56:41 INFO  [AccountService] - Initializing ProtocolHandler ["http-nio-9090"]
2025-01-28 15:56:41 INFO  [AccountService] - Starting service [Tomcat]
2025-01-28 15:56:41 INFO  [AccountService] - Starting Servlet engine: [Apache Tomcat/9.0.83]
2025-01-28 15:56:41 INFO  [AccountService] - Initializing Spring embedded WebApplicationContext
2025-01-28 15:56:41 INFO  [AccountService] - Root WebApplicationContext: initialization completed in 1811 ms
2025-01-28 15:56:41 INFO  [AccountService] - HHH000204: Processing PersistenceUnitInfo [name: default]
2025-01-28 15:56:41 INFO  [AccountService] - HHH000412: Hibernate ORM core version 5.6.15.Final
2025-01-28 15:56:42 INFO  [AccountService] - HCANN000001: Hibernate Commons Annotations {5.1.2.Final}
2025-01-28 15:56:42 INFO  [AccountService] - HikariPool-1 - Starting...
2025-01-28 15:56:43 INFO  [AccountService] - HikariPool-1 - Start completed.
2025-01-28 15:56:43 INFO  [AccountService] - HHH000400: Using dialect: org.hibernate.dialect.SQLServer2012Dialect
2025-01-28 15:56:44 INFO  [AccountService] - HHH000490: Using JtaPlatform implementation: [org.hibernate.engine.transaction.jta.platform.internal.NoJtaPlatform]
2025-01-28 15:56:44 INFO  [AccountService] - Initialized JPA EntityManagerFactory for persistence unit 'default'
2025-01-28 15:56:45 WARN  [AccountService] - spring.jpa.open-in-view is enabled by default. Therefore, database queries may be performed during view rendering. Explicitly configure spring.jpa.open-in-view to disable this warning
2025-01-28 15:56:45 WARN  [AccountService] - 

Using generated security password: bf70f634-5ec5-4622-a580-118b7bb49789

This generated password is for development use only. Your security configuration must be updated before running your application in production.

2025-01-28 15:56:46 INFO  [AccountService] - Will secure any request with [org.springframework.security.web.session.DisableEncodeUrlFilter@3dc4ed6f, org.springframework.security.web.context.request.async.WebAsyncManagerIntegrationFilter@2823b7c5, org.springframework.security.web.context.SecurityContextPersistenceFilter@6ae6a77b, org.springframework.security.web.header.HeaderWriterFilter@1a0b4955, org.springframework.security.web.authentication.logout.LogoutFilter@528c4353, com.account_service.config.JwtAuthenticationFilter@2ce3d95a, org.springframework.security.web.savedrequest.RequestCacheAwareFilter@796e2187, org.springframework.security.web.servletapi.SecurityContextHolderAwareRequestFilter@43b3b1b0, org.springframework.security.web.authentication.AnonymousAuthenticationFilter@6f6c6c70, org.springframework.security.web.session.SessionManagementFilter@48a21ea6, org.springframework.security.web.access.ExceptionTranslationFilter@1f235a0a, org.springframework.security.web.access.intercept.FilterSecurityInterceptor@6870a76f]
2025-01-28 15:56:47 INFO  [AccountService] - Starting ProtocolHandler ["http-nio-9090"]
2025-01-28 15:56:47 INFO  [AccountService] - Tomcat started on port(s): 9090 (http) with context path ''
2025-01-28 15:56:47 INFO  [AccountService] - Started AccountServiceApplication in 8.977 seconds (JVM running for 9.429)
2025-01-28 15:57:07 INFO  [AccountService] - Initializing Spring DispatcherServlet 'dispatcherServlet'
2025-01-28 15:57:07 INFO  [AccountService] - Initializing Servlet 'dispatcherServlet'
2025-01-28 15:57:07 INFO  [AccountService] - Completed initialization in 0 ms
2025-01-28 15:57:07 INFO  [AccountService] - Retirando de cuenta..
2025-01-28 15:57:08 ERROR [AccountService] - El no cuentas con suficientes fondos para realizar el retiro.
2025-01-28 16:08:27 INFO  [AccountService] - Retirando de cuenta..
2025-01-28 16:08:27 ERROR [AccountService] - El no cuentas con suficientes fondos para realizar el retiro.
2025-01-28 16:09:04 INFO  [AccountService] - Closing JPA EntityManagerFactory for persistence unit 'default'
2025-01-28 16:09:04 INFO  [AccountService] - HikariPool-1 - Shutdown initiated...
2025-01-28 16:09:04 INFO  [AccountService] - HikariPool-1 - Shutdown completed.
2025-01-28 16:09:08 INFO  [AccountService] - HV000001: Hibernate Validator 6.2.5.Final
2025-01-28 16:09:08 INFO  [AccountService] - Starting AccountServiceApplication using Java 17.0.5 on admin with PID 24876 (C:\Users\danie\OneDrive\Documentos\GitHub\test-microservice-developer\account-service\target\classes started by danie in C:\Users\danie\OneDrive\Documentos\GitHub\test-microservice-developer\account-service)
2025-01-28 16:09:08 INFO  [AccountService] - No active profile set, falling back to 1 default profile: "default"
2025-01-28 16:09:09 INFO  [AccountService] - Bootstrapping Spring Data JPA repositories in DEFAULT mode.
2025-01-28 16:09:09 INFO  [AccountService] - Finished Spring Data repository scanning in 68 ms. Found 1 JPA repository interfaces.
2025-01-28 16:09:09 INFO  [AccountService] - BeanFactory id=382a032a-8049-3c03-bcf0-e057cbbe4304
2025-01-28 16:09:09 INFO  [AccountService] - Tomcat initialized with port(s): 9090 (http)
2025-01-28 16:09:09 INFO  [AccountService] - Initializing ProtocolHandler ["http-nio-9090"]
2025-01-28 16:09:09 INFO  [AccountService] - Starting service [Tomcat]
2025-01-28 16:09:09 INFO  [AccountService] - Starting Servlet engine: [Apache Tomcat/9.0.83]
2025-01-28 16:09:10 INFO  [AccountService] - Initializing Spring embedded WebApplicationContext
2025-01-28 16:09:10 INFO  [AccountService] - Root WebApplicationContext: initialization completed in 1923 ms
2025-01-28 16:09:10 INFO  [AccountService] - HHH000204: Processing PersistenceUnitInfo [name: default]
2025-01-28 16:09:10 INFO  [AccountService] - HHH000412: Hibernate ORM core version 5.6.15.Final
2025-01-28 16:09:10 INFO  [AccountService] - HCANN000001: Hibernate Commons Annotations {5.1.2.Final}
2025-01-28 16:09:10 INFO  [AccountService] - HikariPool-1 - Starting...
2025-01-28 16:09:12 INFO  [AccountService] - HikariPool-1 - Start completed.
2025-01-28 16:09:12 INFO  [AccountService] - HHH000400: Using dialect: org.hibernate.dialect.SQLServer2012Dialect
2025-01-28 16:09:13 INFO  [AccountService] - HHH000490: Using JtaPlatform implementation: [org.hibernate.engine.transaction.jta.platform.internal.NoJtaPlatform]
2025-01-28 16:09:13 INFO  [AccountService] - Initialized JPA EntityManagerFactory for persistence unit 'default'
2025-01-28 16:09:13 WARN  [AccountService] - spring.jpa.open-in-view is enabled by default. Therefore, database queries may be performed during view rendering. Explicitly configure spring.jpa.open-in-view to disable this warning
2025-01-28 16:09:14 WARN  [AccountService] - 

Using generated security password: 5ec5e969-56ea-477a-b729-a11018f376b2

This generated password is for development use only. Your security configuration must be updated before running your application in production.

2025-01-28 16:09:14 INFO  [AccountService] - Will secure any request with [org.springframework.security.web.session.DisableEncodeUrlFilter@72ea6fcb, org.springframework.security.web.context.request.async.WebAsyncManagerIntegrationFilter@7ee9920a, org.springframework.security.web.context.SecurityContextPersistenceFilter@48cd8e71, org.springframework.security.web.header.HeaderWriterFilter@166d576b, org.springframework.security.web.authentication.logout.LogoutFilter@5c8d631, com.account_service.config.JwtAuthenticationFilter@4154ecd3, org.springframework.security.web.savedrequest.RequestCacheAwareFilter@2f6d8c9, org.springframework.security.web.servletapi.SecurityContextHolderAwareRequestFilter@4724b2c1, org.springframework.security.web.authentication.AnonymousAuthenticationFilter@b53ce18, org.springframework.security.web.session.SessionManagementFilter@632d1b1b, org.springframework.security.web.access.ExceptionTranslationFilter@24558113, org.springframework.security.web.access.intercept.FilterSecurityInterceptor@4b4bc73d]
2025-01-28 16:09:16 INFO  [AccountService] - Starting ProtocolHandler ["http-nio-9090"]
2025-01-28 16:09:16 INFO  [AccountService] - Tomcat started on port(s): 9090 (http) with context path ''
2025-01-28 16:09:16 INFO  [AccountService] - Started AccountServiceApplication in 8.735 seconds (JVM running for 9.148)
2025-01-28 16:09:31 INFO  [AccountService] - Initializing Spring DispatcherServlet 'dispatcherServlet'
2025-01-28 16:09:31 INFO  [AccountService] - Initializing Servlet 'dispatcherServlet'
2025-01-28 16:09:31 INFO  [AccountService] - Completed initialization in 0 ms
2025-01-28 16:09:32 INFO  [AccountService] - Retirando de cuenta..
2025-01-28 16:09:32 ERROR [AccountService] - No cuentas con suficientes fondos para realizar el retiro.
2025-01-28 16:10:48 INFO  [AccountService] - Retirando de cuenta..
2025-01-28 16:10:48 ERROR [AccountService] - No cuentas con suficientes fondos para realizar el retiro.
2025-01-28 16:14:18 INFO  [AccountService] - Retirando de cuenta..
2025-01-28 16:14:18 ERROR [AccountService] - No cuentas con suficientes fondos para realizar el retiro.
2025-01-28 16:24:05 INFO  [AccountService] - Retirando de cuenta..
2025-01-28 16:24:05 ERROR [AccountService] - No cuentas con suficientes fondos para realizar el retiro.
2025-01-28 16:25:39 INFO  [AccountService] - Retirando de cuenta..
2025-01-28 16:25:39 ERROR [AccountService] - No cuentas con suficientes fondos para realizar el retiro.
2025-01-28 16:26:48 INFO  [AccountService] - Retirando de cuenta..
2025-01-28 16:26:48 ERROR [AccountService] - No cuentas con suficientes fondos para realizar el retiro.
2025-01-28 16:47:49 INFO  [AccountService] - Depositando a cuenta..
2025-01-28 16:47:50 INFO  [AccountService] - El deposito se realizo correctamente
